Analysis & Synthesis report for top_kirsch
Wed Mar 23 15:44:01 2016
Quartus II Version 10.1 Build 153 11/29/2010 SJ Full Version


---------------------
; Table of Contents ;
---------------------
  1. Legal Notice
  2. Analysis & Synthesis Summary
  3. Analysis & Synthesis Settings
  4. Parallel Compilation
  5. Analysis & Synthesis Source Files Read
  6. Analysis & Synthesis Resource Usage Summary
  7. Analysis & Synthesis Resource Utilization by Entity
  8. General Register Statistics
  9. Elapsed Time Per Partition
 10. Analysis & Synthesis Messages



----------------
; Legal Notice ;
----------------
Copyright (C) 1991-2010 Altera Corporation
Your use of Altera Corporation's design tools, logic functions 
and other software and tools, and its AMPP partner logic 
functions, and any output files from any of the foregoing 
(including device programming or simulation files), and any 
associated documentation or information are expressly subject 
to the terms and conditions of the Altera Program License 
Subscription Agreement, Altera MegaCore Function License 
Agreement, or other applicable license agreement, including, 
without limitation, that your use is for the sole purpose of 
programming logic devices manufactured by Altera and sold by 
Altera or its authorized distributors.  Please refer to the 
applicable agreement for further details.



+--------------------------------------------------------------------------------+
; Analysis & Synthesis Summary                                                   ;
+------------------------------------+-------------------------------------------+
; Analysis & Synthesis Status        ; Successful - Wed Mar 23 15:44:01 2016     ;
; Quartus II Version                 ; 10.1 Build 153 11/29/2010 SJ Full Version ;
; Revision Name                      ; top_kirsch                                ;
; Top-level Entity Name              ; top_kirsch                                ;
; Family                             ; Cyclone II                                ;
; Total logic elements               ; 122                                       ;
;     Total combinational functions  ; 116                                       ;
;     Dedicated logic registers      ; 80                                        ;
; Total registers                    ; 80                                        ;
; Total pins                         ; 115                                       ;
; Total virtual pins                 ; 0                                         ;
; Total memory bits                  ; 0                                         ;
; Embedded Multiplier 9-bit elements ; 0                                         ;
; Total PLLs                         ; 0                                         ;
+------------------------------------+-------------------------------------------+


+----------------------------------------------------------------------------------------------------------------------+
; Analysis & Synthesis Settings                                                                                        ;
+----------------------------------------------------------------------------+--------------------+--------------------+
; Option                                                                     ; Setting            ; Default Value      ;
+----------------------------------------------------------------------------+--------------------+--------------------+
; Top-level entity name                                                      ; top_kirsch         ; top_kirsch         ;
; Family name                                                                ; CycloneII          ; Cyclone IV GX      ;
; Use smart compilation                                                      ; Off                ; Off                ;
; Enable parallel Assembler and TimeQuest Timing Analyzer during compilation ; On                 ; On                 ;
; Enable compact report table                                                ; Off                ; Off                ;
; Restructure Multiplexers                                                   ; Auto               ; Auto               ;
; Create Debugging Nodes for IP Cores                                        ; Off                ; Off                ;
; Preserve fewer node names                                                  ; On                 ; On                 ;
; Disable OpenCore Plus hardware evaluation                                  ; Off                ; Off                ;
; Verilog Version                                                            ; Verilog_2001       ; Verilog_2001       ;
; VHDL Version                                                               ; VHDL_1993          ; VHDL_1993          ;
; State Machine Processing                                                   ; Auto               ; Auto               ;
; Safe State Machine                                                         ; Off                ; Off                ;
; Extract Verilog State Machines                                             ; On                 ; On                 ;
; Extract VHDL State Machines                                                ; On                 ; On                 ;
; Ignore Verilog initial constructs                                          ; Off                ; Off                ;
; Iteration limit for constant Verilog loops                                 ; 5000               ; 5000               ;
; Iteration limit for non-constant Verilog loops                             ; 250                ; 250                ;
; Add Pass-Through Logic to Inferred RAMs                                    ; On                 ; On                 ;
; Parallel Synthesis                                                         ; On                 ; On                 ;
; DSP Block Balancing                                                        ; Auto               ; Auto               ;
; NOT Gate Push-Back                                                         ; On                 ; On                 ;
; Power-Up Don't Care                                                        ; On                 ; On                 ;
; Remove Redundant Logic Cells                                               ; Off                ; Off                ;
; Remove Duplicate Registers                                                 ; On                 ; On                 ;
; Ignore CARRY Buffers                                                       ; Off                ; Off                ;
; Ignore CASCADE Buffers                                                     ; Off                ; Off                ;
; Ignore GLOBAL Buffers                                                      ; Off                ; Off                ;
; Ignore ROW GLOBAL Buffers                                                  ; Off                ; Off                ;
; Ignore LCELL Buffers                                                       ; Off                ; Off                ;
; Ignore SOFT Buffers                                                        ; On                 ; On                 ;
; Limit AHDL Integers to 32 Bits                                             ; Off                ; Off                ;
; Optimization Technique                                                     ; Balanced           ; Balanced           ;
; Carry Chain Length                                                         ; 70                 ; 70                 ;
; Auto Carry Chains                                                          ; On                 ; On                 ;
; Auto Open-Drain Pins                                                       ; On                 ; On                 ;
; Perform WYSIWYG Primitive Resynthesis                                      ; Off                ; Off                ;
; Auto ROM Replacement                                                       ; On                 ; On                 ;
; Auto RAM Replacement                                                       ; On                 ; On                 ;
; Auto Shift Register Replacement                                            ; Auto               ; Auto               ;
; Auto Clock Enable Replacement                                              ; On                 ; On                 ;
; Strict RAM Replacement                                                     ; Off                ; Off                ;
; Allow Synchronous Control Signals                                          ; On                 ; On                 ;
; Force Use of Synchronous Clear Signals                                     ; Off                ; Off                ;
; Auto RAM to Logic Cell Conversion                                          ; Off                ; Off                ;
; Auto Resource Sharing                                                      ; Off                ; Off                ;
; Allow Any RAM Size For Recognition                                         ; Off                ; Off                ;
; Allow Any ROM Size For Recognition                                         ; Off                ; Off                ;
; Allow Any Shift Register Size For Recognition                              ; Off                ; Off                ;
; Use LogicLock Constraints during Resource Balancing                        ; On                 ; On                 ;
; Ignore translate_off and synthesis_off directives                          ; Off                ; Off                ;
; Timing-Driven Synthesis                                                    ; Off                ; Off                ;
; Report Parameter Settings                                                  ; On                 ; On                 ;
; Report Source Assignments                                                  ; On                 ; On                 ;
; Report Connectivity Checks                                                 ; On                 ; On                 ;
; Ignore Maximum Fan-Out Assignments                                         ; Off                ; Off                ;
; Synchronization Register Chain Length                                      ; 2                  ; 2                  ;
; PowerPlay Power Optimization                                               ; Normal compilation ; Normal compilation ;
; HDL message level                                                          ; Level2             ; Level2             ;
; Suppress Register Optimization Related Messages                            ; Off                ; Off                ;
; Number of Removed Registers Reported in Synthesis Report                   ; 5000               ; 5000               ;
; Number of Inverted Registers Reported in Synthesis Report                  ; 100                ; 100                ;
; Clock MUX Protection                                                       ; On                 ; On                 ;
; Auto Gated Clock Conversion                                                ; Off                ; Off                ;
; Block Design Naming                                                        ; Auto               ; Auto               ;
; SDC constraint protection                                                  ; Off                ; Off                ;
; Synthesis Effort                                                           ; Auto               ; Auto               ;
; Shift Register Replacement - Allow Asynchronous Clear Signal               ; On                 ; On                 ;
; Analysis & Synthesis Message Level                                         ; Medium             ; Medium             ;
; Disable Register Merging Across Hierarchies                                ; Auto               ; Auto               ;
; Resource Aware Inference For Block RAM                                     ; On                 ; On                 ;
; Synthesis Seed                                                             ; 1                  ; 1                  ;
+----------------------------------------------------------------------------+--------------------+--------------------+


+------------------------------------------+
; Parallel Compilation                     ;
+----------------------------+-------------+
; Processors                 ; Number      ;
+----------------------------+-------------+
; Number detected on machine ; 8           ;
; Maximum allowed            ; 8           ;
;                            ;             ;
; Average used               ; 1.00        ;
; Maximum used               ; 1           ;
;                            ;             ;
; Usage by Processor         ; % Time Used ;
;     1 processor            ; 100.0%      ;
;     2-8 processors         ;   0.0%      ;
+----------------------------+-------------+


+----------------------------------------------------------------------------------------------------------------------------------------------------+
; Analysis & Synthesis Source Files Read                                                                                                             ;
+----------------------------------+-----------------+-----------------+-----------------------------------------------------------------------------+
; File Name with User-Entered Path ; Used in Netlist ; File Type       ; File Name with Absolute Path                                                ;
+----------------------------------+-----------------+-----------------+-----------------------------------------------------------------------------+
; top_kirsch_logic.edf             ; yes             ; User EDIF File  ; /home/kkgajjal/ece327/public_html/cur/proj/proj/uw_tmp/top_kirsch_logic.edf ;
+----------------------------------+-----------------+-----------------+-----------------------------------------------------------------------------+


+-----------------------------------------------------+
; Analysis & Synthesis Resource Usage Summary         ;
+---------------------------------------------+-------+
; Resource                                    ; Usage ;
+---------------------------------------------+-------+
; Estimated Total logic elements              ; 122   ;
;                                             ;       ;
; Total combinational functions               ; 116   ;
; Logic element usage by number of LUT inputs ;       ;
;     -- 4 input functions                    ; 29    ;
;     -- 3 input functions                    ; 23    ;
;     -- <=2 input functions                  ; 64    ;
;                                             ;       ;
; Logic elements by mode                      ;       ;
;     -- normal mode                          ; 80    ;
;     -- arithmetic mode                      ; 36    ;
;                                             ;       ;
; Total registers                             ; 80    ;
;     -- Dedicated logic registers            ; 80    ;
;     -- I/O registers                        ; 0     ;
;                                             ;       ;
; I/O pins                                    ; 115   ;
; Maximum fan-out node                        ; clk   ;
; Maximum fan-out                             ; 80    ;
; Total fan-out                               ; 616   ;
; Average fan-out                             ; 1.97  ;
+---------------------------------------------+-------+


+-----------------------------------------------------------------------------------------------------------------------------------------------------------------------------------------------------+
; Analysis & Synthesis Resource Utilization by Entity                                                                                                                                                 ;
+----------------------------+-------------------+--------------+-------------+--------------+---------+-----------+------+--------------+---------------------------------------------+--------------+
; Compilation Hierarchy Node ; LC Combinationals ; LC Registers ; Memory Bits ; DSP Elements ; DSP 9x9 ; DSP 18x18 ; Pins ; Virtual Pins ; Full Hierarchy Name                         ; Library Name ;
+----------------------------+-------------------+--------------+-------------+--------------+---------+-----------+------+--------------+---------------------------------------------+--------------+
; |top_kirsch                ; 116 (0)           ; 80 (0)       ; 0           ; 0            ; 0       ; 0         ; 115  ; 0            ; |top_kirsch                                 ;              ;
;    |uw_uart:u_uw_uart|     ; 116 (41)          ; 80 (26)      ; 0           ; 0            ; 0       ; 0         ; 0    ; 0            ; |top_kirsch|uw_uart:u_uw_uart               ;              ;
;       |UARTS:i_uarts|      ; 75 (75)           ; 54 (54)      ; 0           ; 0            ; 0       ; 0         ; 0    ; 0            ; |top_kirsch|uw_uart:u_uw_uart|UARTS:i_uarts ;              ;
+----------------------------+-------------------+--------------+-------------+--------------+---------+-----------+------+--------------+---------------------------------------------+--------------+
Note: For table entries with two numbers listed, the numbers in parentheses indicate the number of resources of the given type used by the specific entity alone. The numbers listed outside of parentheses indicate the total resources of the given type used by the specific entity and all of its sub-entities in the hierarchy.


+------------------------------------------------------+
; General Register Statistics                          ;
+----------------------------------------------+-------+
; Statistic                                    ; Value ;
+----------------------------------------------+-------+
; Total registers                              ; 80    ;
; Number of registers using Synchronous Clear  ; 39    ;
; Number of registers using Synchronous Load   ; 7     ;
; Number of registers using Asynchronous Clear ; 60    ;
; Number of registers using Asynchronous Load  ; 0     ;
; Number of registers using Clock Enable       ; 38    ;
; Number of registers using Preset             ; 0     ;
+----------------------------------------------+-------+


+-------------------------------+
; Elapsed Time Per Partition    ;
+----------------+--------------+
; Partition Name ; Elapsed Time ;
+----------------+--------------+
; Top            ; 00:00:00     ;
+----------------+--------------+


+-------------------------------+
; Analysis & Synthesis Messages ;
+-------------------------------+
Info: *******************************************************************
Info: Running Quartus II Analysis & Synthesis
    Info: Version 10.1 Build 153 11/29/2010 SJ Full Version
    Info: Copyright (C) 1991-2010 Altera Corporation. All rights reserved.
    Info: Your use of Altera Corporation's design tools, logic functions 
    Info: and other software and tools, and its AMPP partner logic 
    Info: functions, and any output files from any of the foregoing 
    Info: (including device programming or simulation files), and any 
    Info: associated documentation or information are expressly subject 
    Info: to the terms and conditions of the Altera Program License 
    Info: Subscription Agreement, Altera MegaCore Function License 
    Info: Agreement, or other applicable license agreement, including, 
    Info: without limitation, that your use is for the sole purpose of 
    Info: programming logic devices manufactured by Altera and sold by 
    Info: Altera or its authorized distributors.  Please refer to the 
    Info: applicable agreement for further details.
    Info: Processing started: Wed Mar 23 15:43:59 2016
Info: Command: quartus_map top_kirsch --source=top_kirsch_logic.edf --family=CycloneII
Info: Parallel compilation is enabled and will use 8 of the 8 processors detected
Info: Found 4 design units, including 4 entities, in source file top_kirsch_logic.edf
    Info: Found entity 1: kirsch
    Info: Found entity 2: top_kirsch
    Info: Found entity 3: UARTS
    Info: Found entity 4: uw_uart
Info: Elaborating entity "top_kirsch" for the top level hierarchy
Warning: EDA design entry or synthesis tool was not specified.  Detecting EDA tool "Precision Synthesis" as the tool that generated the EDIF Input File.
Info: Elaborating entity "kirsch" for hierarchy "kirsch:u_kirsch"
Warning: EDA design entry or synthesis tool was not specified.  Detecting EDA tool "Precision Synthesis" as the tool that generated the EDIF Input File.
Info: Elaborating entity "uw_uart" for hierarchy "uw_uart:u_uw_uart"
Warning: EDA design entry or synthesis tool was not specified.  Detecting EDA tool "Precision Synthesis" as the tool that generated the EDIF Input File.
Info: Elaborating entity "UARTS" for hierarchy "uw_uart:u_uw_uart|UARTS:i_uarts"
Warning: EDA design entry or synthesis tool was not specified.  Detecting EDA tool "Precision Synthesis" as the tool that generated the EDIF Input File.
Warning: Output pins are stuck at VCC or GND
    Warning (13410): Pin "o_sevenseg[0]" is stuck at VCC
    Warning (13410): Pin "o_sevenseg[1]" is stuck at GND
    Warning (13410): Pin "o_sevenseg[2]" is stuck at GND
    Warning (13410): Pin "o_sevenseg[3]" is stuck at GND
    Warning (13410): Pin "o_sevenseg[4]" is stuck at GND
    Warning (13410): Pin "o_sevenseg[5]" is stuck at GND
    Warning (13410): Pin "o_sevenseg[6]" is stuck at GND
    Warning (13410): Pin "o_sevenseg[7]" is stuck at VCC
    Warning (13410): Pin "o_sevenseg[8]" is stuck at VCC
    Warning (13410): Pin "o_sevenseg[9]" is stuck at GND
    Warning (13410): Pin "o_sevenseg[10]" is stuck at GND
    Warning (13410): Pin "o_sevenseg[11]" is stuck at GND
    Warning (13410): Pin "o_sevenseg[12]" is stuck at GND
    Warning (13410): Pin "o_sevenseg[13]" is stuck at GND
    Warning (13410): Pin "o_sevenseg[14]" is stuck at GND
    Warning (13410): Pin "o_sevenseg[15]" is stuck at VCC
    Warning (13410): Pin "o_mode[0]" is stuck at VCC
    Warning (13410): Pin "debug_led_red[0]" is stuck at GND
    Warning (13410): Pin "debug_led_red[1]" is stuck at GND
    Warning (13410): Pin "debug_led_red[2]" is stuck at GND
    Warning (13410): Pin "debug_led_red[3]" is stuck at GND
    Warning (13410): Pin "debug_led_red[4]" is stuck at GND
    Warning (13410): Pin "debug_led_red[5]" is stuck at GND
    Warning (13410): Pin "debug_led_red[6]" is stuck at GND
    Warning (13410): Pin "debug_led_red[7]" is stuck at GND
    Warning (13410): Pin "debug_led_red[8]" is stuck at GND
    Warning (13410): Pin "debug_led_red[9]" is stuck at GND
    Warning (13410): Pin "debug_led_red[10]" is stuck at GND
    Warning (13410): Pin "debug_led_red[11]" is stuck at GND
    Warning (13410): Pin "debug_led_red[12]" is stuck at GND
    Warning (13410): Pin "debug_led_red[13]" is stuck at GND
    Warning (13410): Pin "debug_led_red[14]" is stuck at GND
    Warning (13410): Pin "debug_led_red[15]" is stuck at GND
    Warning (13410): Pin "debug_led_red[16]" is stuck at GND
    Warning (13410): Pin "debug_led_grn[0]" is stuck at GND
    Warning (13410): Pin "debug_led_grn[1]" is stuck at GND
    Warning (13410): Pin "debug_led_grn[2]" is stuck at GND
    Warning (13410): Pin "debug_led_grn[3]" is stuck at GND
    Warning (13410): Pin "debug_led_grn[4]" is stuck at GND
    Warning (13410): Pin "debug_led_grn[5]" is stuck at GND
    Warning (13410): Pin "debug_sevenseg_0[0]" is stuck at VCC
    Warning (13410): Pin "debug_sevenseg_0[1]" is stuck at VCC
    Warning (13410): Pin "debug_sevenseg_0[2]" is stuck at VCC
    Warning (13410): Pin "debug_sevenseg_0[3]" is stuck at VCC
    Warning (13410): Pin "debug_sevenseg_0[4]" is stuck at GND
    Warning (13410): Pin "debug_sevenseg_0[5]" is stuck at GND
    Warning (13410): Pin "debug_sevenseg_0[6]" is stuck at GND
    Warning (13410): Pin "debug_sevenseg_0[7]" is stuck at VCC
    Warning (13410): Pin "debug_sevenseg_1[0]" is stuck at GND
    Warning (13410): Pin "debug_sevenseg_1[1]" is stuck at VCC
    Warning (13410): Pin "debug_sevenseg_1[2]" is stuck at GND
    Warning (13410): Pin "debug_sevenseg_1[3]" is stuck at GND
    Warning (13410): Pin "debug_sevenseg_1[4]" is stuck at VCC
    Warning (13410): Pin "debug_sevenseg_1[5]" is stuck at GND
    Warning (13410): Pin "debug_sevenseg_1[6]" is stuck at GND
    Warning (13410): Pin "debug_sevenseg_1[7]" is stuck at VCC
    Warning (13410): Pin "debug_sevenseg_2[0]" is stuck at GND
    Warning (13410): Pin "debug_sevenseg_2[1]" is stuck at VCC
    Warning (13410): Pin "debug_sevenseg_2[2]" is stuck at VCC
    Warning (13410): Pin "debug_sevenseg_2[3]" is stuck at GND
    Warning (13410): Pin "debug_sevenseg_2[4]" is stuck at GND
    Warning (13410): Pin "debug_sevenseg_2[5]" is stuck at GND
    Warning (13410): Pin "debug_sevenseg_2[6]" is stuck at GND
    Warning (13410): Pin "debug_sevenseg_2[7]" is stuck at VCC
    Warning (13410): Pin "debug_sevenseg_3[0]" is stuck at GND
    Warning (13410): Pin "debug_sevenseg_3[1]" is stuck at GND
    Warning (13410): Pin "debug_sevenseg_3[2]" is stuck at GND
    Warning (13410): Pin "debug_sevenseg_3[3]" is stuck at GND
    Warning (13410): Pin "debug_sevenseg_3[4]" is stuck at VCC
    Warning (13410): Pin "debug_sevenseg_3[5]" is stuck at VCC
    Warning (13410): Pin "debug_sevenseg_3[6]" is stuck at GND
    Warning (13410): Pin "debug_sevenseg_3[7]" is stuck at VCC
    Warning (13410): Pin "debug_sevenseg_4[0]" is stuck at VCC
    Warning (13410): Pin "debug_sevenseg_4[1]" is stuck at GND
    Warning (13410): Pin "debug_sevenseg_4[2]" is stuck at GND
    Warning (13410): Pin "debug_sevenseg_4[3]" is stuck at GND
    Warning (13410): Pin "debug_sevenseg_4[4]" is stuck at VCC
    Warning (13410): Pin "debug_sevenseg_4[5]" is stuck at VCC
    Warning (13410): Pin "debug_sevenseg_4[6]" is stuck at GND
    Warning (13410): Pin "debug_sevenseg_4[7]" is stuck at VCC
    Warning (13410): Pin "debug_sevenseg_5[0]" is stuck at GND
    Warning (13410): Pin "debug_sevenseg_5[1]" is stuck at GND
    Warning (13410): Pin "debug_sevenseg_5[2]" is stuck at GND
    Warning (13410): Pin "debug_sevenseg_5[3]" is stuck at GND
    Warning (13410): Pin "debug_sevenseg_5[4]" is stuck at VCC
    Warning (13410): Pin "debug_sevenseg_5[5]" is stuck at VCC
    Warning (13410): Pin "debug_sevenseg_5[6]" is stuck at GND
    Warning (13410): Pin "debug_sevenseg_5[7]" is stuck at VCC
Info: Found the following redundant logic cells in design
    Info (17048): Logic cell "uw_uart:u_uw_uart|nx46385z1"
Info: Generating hard_block partition "hard_block:auto_generated_inst"
Warning: Design contains 21 input pin(s) that do not drive logic
    Warning (15610): No output dependent on input pin "debug_key[1]"
    Warning (15610): No output dependent on input pin "debug_key[2]"
    Warning (15610): No output dependent on input pin "debug_key[3]"
    Warning (15610): No output dependent on input pin "debug_switch[0]"
    Warning (15610): No output dependent on input pin "debug_switch[1]"
    Warning (15610): No output dependent on input pin "debug_switch[2]"
    Warning (15610): No output dependent on input pin "debug_switch[3]"
    Warning (15610): No output dependent on input pin "debug_switch[4]"
    Warning (15610): No output dependent on input pin "debug_switch[5]"
    Warning (15610): No output dependent on input pin "debug_switch[6]"
    Warning (15610): No output dependent on input pin "debug_switch[7]"
    Warning (15610): No output dependent on input pin "debug_switch[8]"
    Warning (15610): No output dependent on input pin "debug_switch[9]"
    Warning (15610): No output dependent on input pin "debug_switch[10]"
    Warning (15610): No output dependent on input pin "debug_switch[11]"
    Warning (15610): No output dependent on input pin "debug_switch[12]"
    Warning (15610): No output dependent on input pin "debug_switch[13]"
    Warning (15610): No output dependent on input pin "debug_switch[14]"
    Warning (15610): No output dependent on input pin "debug_switch[15]"
    Warning (15610): No output dependent on input pin "debug_switch[16]"
    Warning (15610): No output dependent on input pin "debug_switch[17]"
Info: Implemented 240 device resources after synthesis - the final resource count might be different
    Info: Implemented 24 input pins
    Info: Implemented 91 output pins
    Info: Implemented 125 logic cells
Info: Quartus II Analysis & Synthesis was successful. 0 errors, 115 warnings
    Info: Peak virtual memory: 256 megabytes
    Info: Processing ended: Wed Mar 23 15:44:01 2016
    Info: Elapsed time: 00:00:02
    Info: Total CPU time (on all processors): 00:00:02


